proguard/mapping.txt
com.camptocamp.gis.phonegap.piclayer.App -> com.camptocamp.gis.phonegap.piclayer.App:
    void onCreate(android.os.Bundle) -> onCreate
...
com.phonegap.WebViewReflect -> com.phonegap.e:
    java.lang.reflect.Method mWebSettings_setDatabaseEnabled -> a
    java.lang.reflect.Method mWebSettings_setDatabasePath -> b
    java.lang.reflect.Method mWebSettings_setDomStorageEnabled -> c
    java.lang.reflect.Method mWebSettings_setGeolocationEnabled -> d
    void checkCompatibility() -> a
    void setStorage$250552fc(android.webkit.WebSettings,java.lang.String) -> a
    void setGeolocationEnabled$1ffbdba(android.webkit.WebSettings) -> a
    void setDomStorage(android.webkit.WebSettings) -> b
com.phonegap.api.IPlugin -> com.phonegap.api.IPlugin:
com.phonegap.api.PhonegapActivity -> com.phonegap.api.PhonegapActivity:
    void addService(java.lang.String,java.lang.String) -> a
    void sendJavascript(java.lang.String) -> a
    void startActivityForResult(com.phonegap.api.Plugin,android.content.Intent,int) -> a
com.phonegap.api.Plugin -> com.phonegap.api.Plugin:
    android.webkit.WebView webView -> a
    com.phonegap.api.PhonegapActivity ctx -> b
    com.phonegap.api.PluginResult execute(java.lang.String,org.json.JSONArray,java.lang.String) -> a
    boolean isSynch(java.lang.String) -> a
    void setContext(com.phonegap.api.PhonegapActivity) -> a
    void onDestroy() -> a
    void onActivityResult(int,int,android.content.Intent) -> a
    void sendJavascript(java.lang.String) -> b
    void success(com.phonegap.api.PluginResult,java.lang.String) -> a
    void error(com.phonegap.api.PluginResult,java.lang.String) -> b
com.phonegap.api.PluginManager -> com.phonegap.api.PluginManager:
    java.util.HashMap plugins -> a
    java.util.HashMap services -> b
    com.phonegap.api.PhonegapActivity ctx -> c
    android.webkit.WebView app -> d
    java.lang.String exec(java.lang.String,java.lang.String,java.lang.String,java.lang.String,boolean) -> a
    com.phonegap.api.Plugin addPlugin(java.lang.String,java.lang.Class) -> a
    void addService(java.lang.String,java.lang.String) -> a
    void onPause() -> a
    void onResume() -> b
    void onDestroy() -> c
com.phonegap.api.PluginManager$1 -> com.phonegap.api.a:
    com.phonegap.api.Plugin val$plugin -> a
    java.lang.String val$action -> b
    org.json.JSONArray val$args -> c
    java.lang.String val$callbackId -> d
    com.phonegap.api.PhonegapActivity val$ctx -> e
    com.phonegap.api.PluginManager this$0 -> f
    void run() -> run
com.phonegap.api.PluginResult -> com.phonegap.api.PluginResult:
    int status -> a
    java.lang.String message -> b
    boolean keepCallback -> c
    java.lang.String cast -> d
    java.lang.String[] StatusMessages -> e
    void setKeepCallback$1385ff() -> a
    int getStatus() -> b
    boolean getKeepCallback() -> c
    java.lang.String getJSONString() -> d
    java.lang.String toSuccessCallbackString(java.lang.String) -> a
    java.lang.String toErrorCallbackString(java.lang.String) -> b
com.phonegap.api.PluginResult$Status -> com.phonegap.api.PluginResult$Status:
    com.phonegap.api.PluginResult$Status NO_RESULT -> a
    com.phonegap.api.PluginResult$Status OK -> b
    com.phonegap.api.PluginResult$Status CLASS_NOT_FOUND_EXCEPTION -> c
    com.phonegap.api.PluginResult$Status ILLEGAL_ACCESS_EXCEPTION -> h
    com.phonegap.api.PluginResult$Status INSTANTIATION_EXCEPTION -> i
    com.phonegap.api.PluginResult$Status MALFORMED_URL_EXCEPTION -> j
    com.phonegap.api.PluginResult$Status IO_EXCEPTION -> d
    com.phonegap.api.PluginResult$Status INVALID_ACTION -> e
    com.phonegap.api.PluginResult$Status JSON_EXCEPTION -> f
    com.phonegap.api.PluginResult$Status ERROR -> g
    com.phonegap.api.PluginResult$Status[] $VALUES -> k
    com.phonegap.api.PluginResult$Status[] values() -> values
    com.phonegap.api.PluginResult$Status valueOf(java.lang.String) -> valueOf
com.phonegap.file.EncodingException -> com.phonegap.a.e:
com.phonegap.file.FileExistsException -> com.phonegap.a.b:
com.phonegap.file.InvalidModificationException -> com.phonegap.a.a: